<?xml version="1.0" encoding="UTF-8"?>
<!-- Generated by org.testng.reporters.JUnitReportReporter -->
<testsuite skipped="0" hostname="LAPTOP-CSOO5DL0" name="com.revaturelabs.ask.AskApplicationModelTests" tests="1" failures="0" timestamp="04 Feb 2020 19:17:38 GMT" time="0.033" errors="0">
  <testcase name="ModelEqualsAndHashTests" time="0.033" classname="com.revaturelabs.ask.AskApplicationModelTests"/>
</testsuite> <!-- com.revaturelabs.ask.AskApplicationModelTests -->
